

Run Config: 
------------------------------
data_path          : CIFAR10/
train_batch_size   : 128
test_batch_size    : 100
epochs             : 50
model              : ResNet24_1
optimizer          : sgdn
learning_rate      : 0.001
momentum           : 0.9
weight_decay       : 0.0005
schedule           : False
save               : False
print_summary      : False
no_training        : False
save_plot          : True
output_file_prefix : ResNet24_1_4

Running on  CUDA 

Files already downloaded and verified
Files already downloaded and verified


Model Config: 
-------------------------------------
N (# Layers)	: 4 
B (# Blocks)	: [3, 3, 2, 3] 
C (# Channels)	: [64, 128, 128, 256] 
F (Conv Kernel)	: [3, 3, 3, 3] 
K (Skip Kernel)	: [1, 1, 1, 1] 
P (Pool Kernel)	: 4
Training...


Epoch: 1 ;	Train Loss: 1.62610490 ;	Train Accuracy: 39.464 ;	Test Loss: 1.30994304 ; 	Test Accuracy: 52.000 ;
Epoch: 2 ;	Train Loss: 1.17908867 ;	Train Accuracy: 57.272 ;	Test Loss: 1.07087224 ; 	Test Accuracy: 60.430 ;
Epoch: 3 ;	Train Loss: 0.97035686 ;	Train Accuracy: 65.228 ;	Test Loss: 0.91549570 ; 	Test Accuracy: 66.800 ;
Epoch: 4 ;	Train Loss: 0.83197932 ;	Train Accuracy: 70.496 ;	Test Loss: 0.91821537 ; 	Test Accuracy: 68.180 ;
Epoch: 5 ;	Train Loss: 0.73567490 ;	Train Accuracy: 74.100 ;	Test Loss: 0.80479524 ; 	Test Accuracy: 72.330 ;
Epoch: 6 ;	Train Loss: 0.66030621 ;	Train Accuracy: 76.902 ;	Test Loss: 0.69641753 ; 	Test Accuracy: 76.420 ;
Epoch: 7 ;	Train Loss: 0.59961797 ;	Train Accuracy: 79.208 ;	Test Loss: 0.63563225 ; 	Test Accuracy: 77.970 ;
Epoch: 8 ;	Train Loss: 0.54794603 ;	Train Accuracy: 80.910 ;	Test Loss: 0.64656021 ; 	Test Accuracy: 78.370 ;
Epoch: 9 ;	Train Loss: 0.51122997 ;	Train Accuracy: 82.228 ;	Test Loss: 0.62300902 ; 	Test Accuracy: 79.530 ;
Epoch: 10 ;	Train Loss: 0.47886495 ;	Train Accuracy: 83.406 ;	Test Loss: 0.52159767 ; 	Test Accuracy: 82.310 ;
Epoch: 11 ;	Train Loss: 0.44227911 ;	Train Accuracy: 84.694 ;	Test Loss: 0.57080263 ; 	Test Accuracy: 81.220 ;
Epoch: 12 ;	Train Loss: 0.42243692 ;	Train Accuracy: 85.344 ;	Test Loss: 0.58436553 ; 	Test Accuracy: 81.280 ;
Epoch: 13 ;	Train Loss: 0.39161777 ;	Train Accuracy: 86.456 ;	Test Loss: 0.51507617 ; 	Test Accuracy: 83.050 ;
Epoch: 14 ;	Train Loss: 0.37638942 ;	Train Accuracy: 86.888 ;	Test Loss: 0.48420239 ; 	Test Accuracy: 84.530 ;
Epoch: 15 ;	Train Loss: 0.35429969 ;	Train Accuracy: 87.566 ;	Test Loss: 0.44553639 ; 	Test Accuracy: 85.200 ;
Epoch: 16 ;	Train Loss: 0.33898814 ;	Train Accuracy: 88.244 ;	Test Loss: 0.51203860 ; 	Test Accuracy: 83.590 ;
Epoch: 17 ;	Train Loss: 0.31635920 ;	Train Accuracy: 89.028 ;	Test Loss: 0.47388326 ; 	Test Accuracy: 84.580 ;
Epoch: 18 ;	Train Loss: 0.30463171 ;	Train Accuracy: 89.528 ;	Test Loss: 0.42535919 ; 	Test Accuracy: 86.060 ;
Epoch: 19 ;	Train Loss: 0.29345105 ;	Train Accuracy: 89.784 ;	Test Loss: 0.47600191 ; 	Test Accuracy: 85.030 ;
Epoch: 20 ;	Train Loss: 0.27817487 ;	Train Accuracy: 90.358 ;	Test Loss: 0.44147323 ; 	Test Accuracy: 85.540 ;
Epoch: 21 ;	Train Loss: 0.26574870 ;	Train Accuracy: 90.702 ;	Test Loss: 0.49323763 ; 	Test Accuracy: 84.700 ;
Epoch: 22 ;	Train Loss: 0.25050940 ;	Train Accuracy: 91.268 ;	Test Loss: 0.43835068 ; 	Test Accuracy: 86.080 ;
Epoch: 23 ;	Train Loss: 0.24223871 ;	Train Accuracy: 91.470 ;	Test Loss: 0.46392278 ; 	Test Accuracy: 85.710 ;
Epoch: 24 ;	Train Loss: 0.23263416 ;	Train Accuracy: 91.874 ;	Test Loss: 0.41111481 ; 	Test Accuracy: 86.780 ;
Epoch: 25 ;	Train Loss: 0.22025770 ;	Train Accuracy: 92.250 ;	Test Loss: 0.43422891 ; 	Test Accuracy: 86.020 ;
Epoch: 26 ;	Train Loss: 0.21268503 ;	Train Accuracy: 92.624 ;	Test Loss: 0.42737068 ; 	Test Accuracy: 86.740 ;
Epoch: 27 ;	Train Loss: 0.20185618 ;	Train Accuracy: 93.066 ;	Test Loss: 0.46546032 ; 	Test Accuracy: 86.160 ;
Epoch: 28 ;	Train Loss: 0.19818928 ;	Train Accuracy: 93.110 ;	Test Loss: 0.46100167 ; 	Test Accuracy: 86.380 ;
Epoch: 29 ;	Train Loss: 0.18518956 ;	Train Accuracy: 93.514 ;	Test Loss: 0.38559145 ; 	Test Accuracy: 88.120 ;
Epoch: 30 ;	Train Loss: 0.18363064 ;	Train Accuracy: 93.414 ;	Test Loss: 0.40616074 ; 	Test Accuracy: 87.820 ;
Epoch: 31 ;	Train Loss: 0.17398324 ;	Train Accuracy: 93.926 ;	Test Loss: 0.45163610 ; 	Test Accuracy: 86.340 ;
Epoch: 32 ;	Train Loss: 0.16727000 ;	Train Accuracy: 94.174 ;	Test Loss: 0.40559943 ; 	Test Accuracy: 87.530 ;
Epoch: 33 ;	Train Loss: 0.15598213 ;	Train Accuracy: 94.492 ;	Test Loss: 0.40072428 ; 	Test Accuracy: 87.900 ;
Epoch: 34 ;	Train Loss: 0.15224770 ;	Train Accuracy: 94.656 ;	Test Loss: 0.39030152 ; 	Test Accuracy: 88.140 ;
Epoch: 35 ;	Train Loss: 0.14972476 ;	Train Accuracy: 94.704 ;	Test Loss: 0.45187117 ; 	Test Accuracy: 86.700 ;
Epoch: 36 ;	Train Loss: 0.14103108 ;	Train Accuracy: 94.980 ;	Test Loss: 0.38636747 ; 	Test Accuracy: 88.640 ;
Epoch: 37 ;	Train Loss: 0.13653987 ;	Train Accuracy: 95.252 ;	Test Loss: 0.40369483 ; 	Test Accuracy: 88.360 ;
Epoch: 38 ;	Train Loss: 0.13835080 ;	Train Accuracy: 95.082 ;	Test Loss: 0.37646455 ; 	Test Accuracy: 88.750 ;
Epoch: 39 ;	Train Loss: 0.12544400 ;	Train Accuracy: 95.710 ;	Test Loss: 0.48348540 ; 	Test Accuracy: 86.570 ;
Epoch: 40 ;	Train Loss: 0.12360389 ;	Train Accuracy: 95.624 ;	Test Loss: 0.39463046 ; 	Test Accuracy: 88.790 ;
Epoch: 41 ;	Train Loss: 0.11414258 ;	Train Accuracy: 96.048 ;	Test Loss: 0.38598930 ; 	Test Accuracy: 89.330 ;
Epoch: 42 ;	Train Loss: 0.11193144 ;	Train Accuracy: 96.104 ;	Test Loss: 0.40816265 ; 	Test Accuracy: 88.690 ;
Epoch: 43 ;	Train Loss: 0.10904732 ;	Train Accuracy: 96.182 ;	Test Loss: 0.41485151 ; 	Test Accuracy: 88.570 ;
Epoch: 44 ;	Train Loss: 0.10607674 ;	Train Accuracy: 96.302 ;	Test Loss: 0.39838289 ; 	Test Accuracy: 88.800 ;
Epoch: 45 ;	Train Loss: 0.09979467 ;	Train Accuracy: 96.506 ;	Test Loss: 0.46268951 ; 	Test Accuracy: 88.210 ;
Epoch: 46 ;	Train Loss: 0.09858699 ;	Train Accuracy: 96.452 ;	Test Loss: 0.44643267 ; 	Test Accuracy: 88.210 ;
Epoch: 47 ;	Train Loss: 0.09510578 ;	Train Accuracy: 96.606 ;	Test Loss: 0.38800646 ; 	Test Accuracy: 88.990 ;
Epoch: 48 ;	Train Loss: 0.08820457 ;	Train Accuracy: 96.868 ;	Test Loss: 0.44786071 ; 	Test Accuracy: 88.040 ;
Epoch: 49 ;	Train Loss: 0.08860050 ;	Train Accuracy: 96.872 ;	Test Loss: 0.43218525 ; 	Test Accuracy: 88.850 ;
Epoch: 50 ;	Train Loss: 0.08890891 ;	Train Accuracy: 96.838 ;	Test Loss: 0.46197001 ; 	Test Accuracy: 87.930 ;


Best Accuracy: 89.330

Saving Error Plot...

Error Plot saved (ResNet24_1_4_error_plot.png)

