

Run Config: 
------------------------------
data_path          : CIFAR10/
train_batch_size   : 128
test_batch_size    : 100
epochs             : 50
model              : ResNet24_1
optimizer          : adadelta
learning_rate      : 0.001
momentum           : 0.9
weight_decay       : 0.0005
schedule           : False
save               : False
print_summary      : False
no_training        : False
save_plot          : True
output_file_prefix : ResNet24_1_8

Running on  CUDA 

Files already downloaded and verified
Files already downloaded and verified


Model Config: 
-------------------------------------
N (# Layers)	: 4 
B (# Blocks)	: [3, 3, 2, 3] 
C (# Channels)	: [64, 128, 128, 256] 
F (Conv Kernel)	: [3, 3, 3, 3] 
K (Skip Kernel)	: [1, 1, 1, 1] 
P (Pool Kernel)	: 4
Training...


Epoch: 1 ;	Train Loss: 2.26716827 ;	Train Accuracy: 17.626 ;	Test Loss: 2.10837902 ; 	Test Accuracy: 22.040 ;
Epoch: 2 ;	Train Loss: 1.96127328 ;	Train Accuracy: 27.188 ;	Test Loss: 1.83746924 ; 	Test Accuracy: 32.150 ;
Epoch: 3 ;	Train Loss: 1.79830384 ;	Train Accuracy: 33.298 ;	Test Loss: 1.71605583 ; 	Test Accuracy: 36.310 ;
Epoch: 4 ;	Train Loss: 1.71694664 ;	Train Accuracy: 36.200 ;	Test Loss: 1.63636248 ; 	Test Accuracy: 38.610 ;
Epoch: 5 ;	Train Loss: 1.65748699 ;	Train Accuracy: 38.368 ;	Test Loss: 1.58194040 ; 	Test Accuracy: 41.000 ;
Epoch: 6 ;	Train Loss: 1.60674430 ;	Train Accuracy: 40.218 ;	Test Loss: 1.53530965 ; 	Test Accuracy: 42.920 ;
Epoch: 7 ;	Train Loss: 1.56034854 ;	Train Accuracy: 41.936 ;	Test Loss: 1.50080653 ; 	Test Accuracy: 44.610 ;
Epoch: 8 ;	Train Loss: 1.51996255 ;	Train Accuracy: 43.852 ;	Test Loss: 1.46144209 ; 	Test Accuracy: 45.610 ;
Epoch: 9 ;	Train Loss: 1.48425204 ;	Train Accuracy: 45.074 ;	Test Loss: 1.42483102 ; 	Test Accuracy: 47.400 ;
Epoch: 10 ;	Train Loss: 1.45384917 ;	Train Accuracy: 46.330 ;	Test Loss: 1.39063799 ; 	Test Accuracy: 48.830 ;
Epoch: 11 ;	Train Loss: 1.41949091 ;	Train Accuracy: 47.624 ;	Test Loss: 1.37113988 ; 	Test Accuracy: 49.740 ;
Epoch: 12 ;	Train Loss: 1.39314476 ;	Train Accuracy: 48.746 ;	Test Loss: 1.34285972 ; 	Test Accuracy: 50.810 ;
Epoch: 13 ;	Train Loss: 1.37062762 ;	Train Accuracy: 49.664 ;	Test Loss: 1.32421198 ; 	Test Accuracy: 51.490 ;
Epoch: 14 ;	Train Loss: 1.34878292 ;	Train Accuracy: 50.452 ;	Test Loss: 1.32273636 ; 	Test Accuracy: 51.620 ;
Epoch: 15 ;	Train Loss: 1.33150382 ;	Train Accuracy: 51.116 ;	Test Loss: 1.28819663 ; 	Test Accuracy: 52.800 ;
Epoch: 16 ;	Train Loss: 1.30917000 ;	Train Accuracy: 52.028 ;	Test Loss: 1.26623699 ; 	Test Accuracy: 53.590 ;
Epoch: 17 ;	Train Loss: 1.29535217 ;	Train Accuracy: 52.810 ;	Test Loss: 1.25140219 ; 	Test Accuracy: 54.180 ;
Epoch: 18 ;	Train Loss: 1.28124950 ;	Train Accuracy: 53.124 ;	Test Loss: 1.24453808 ; 	Test Accuracy: 54.710 ;
Epoch: 19 ;	Train Loss: 1.26401441 ;	Train Accuracy: 54.138 ;	Test Loss: 1.22495328 ; 	Test Accuracy: 55.540 ;
Epoch: 20 ;	Train Loss: 1.25013151 ;	Train Accuracy: 54.548 ;	Test Loss: 1.20551280 ; 	Test Accuracy: 55.780 ;
Epoch: 21 ;	Train Loss: 1.23390128 ;	Train Accuracy: 55.390 ;	Test Loss: 1.20846126 ; 	Test Accuracy: 56.560 ;
Epoch: 22 ;	Train Loss: 1.21624404 ;	Train Accuracy: 55.936 ;	Test Loss: 1.18089526 ; 	Test Accuracy: 57.200 ;
Epoch: 23 ;	Train Loss: 1.20432710 ;	Train Accuracy: 56.364 ;	Test Loss: 1.17528252 ; 	Test Accuracy: 57.510 ;
Epoch: 24 ;	Train Loss: 1.19261060 ;	Train Accuracy: 56.812 ;	Test Loss: 1.17271552 ; 	Test Accuracy: 57.660 ;
Epoch: 25 ;	Train Loss: 1.18158936 ;	Train Accuracy: 57.154 ;	Test Loss: 1.15781335 ; 	Test Accuracy: 58.460 ;
Epoch: 26 ;	Train Loss: 1.16646175 ;	Train Accuracy: 57.884 ;	Test Loss: 1.14038567 ; 	Test Accuracy: 58.690 ;
Epoch: 27 ;	Train Loss: 1.15226438 ;	Train Accuracy: 58.272 ;	Test Loss: 1.13390775 ; 	Test Accuracy: 59.400 ;
Epoch: 28 ;	Train Loss: 1.14052249 ;	Train Accuracy: 58.814 ;	Test Loss: 1.11504109 ; 	Test Accuracy: 59.850 ;
Epoch: 29 ;	Train Loss: 1.12650258 ;	Train Accuracy: 59.578 ;	Test Loss: 1.11132185 ; 	Test Accuracy: 60.280 ;
Epoch: 30 ;	Train Loss: 1.11659053 ;	Train Accuracy: 59.674 ;	Test Loss: 1.10900773 ; 	Test Accuracy: 60.300 ;
Epoch: 31 ;	Train Loss: 1.10595136 ;	Train Accuracy: 60.202 ;	Test Loss: 1.09386893 ; 	Test Accuracy: 60.990 ;
Epoch: 32 ;	Train Loss: 1.09326239 ;	Train Accuracy: 60.450 ;	Test Loss: 1.09356842 ; 	Test Accuracy: 60.610 ;
Epoch: 33 ;	Train Loss: 1.08413449 ;	Train Accuracy: 60.754 ;	Test Loss: 1.08039192 ; 	Test Accuracy: 61.340 ;
Epoch: 34 ;	Train Loss: 1.07756458 ;	Train Accuracy: 61.422 ;	Test Loss: 1.07069271 ; 	Test Accuracy: 61.470 ;
Epoch: 35 ;	Train Loss: 1.06499067 ;	Train Accuracy: 61.536 ;	Test Loss: 1.06714023 ; 	Test Accuracy: 62.030 ;
Epoch: 36 ;	Train Loss: 1.05576062 ;	Train Accuracy: 61.980 ;	Test Loss: 1.05575022 ; 	Test Accuracy: 62.440 ;
Epoch: 37 ;	Train Loss: 1.04219578 ;	Train Accuracy: 62.582 ;	Test Loss: 1.03918943 ; 	Test Accuracy: 62.650 ;
Epoch: 38 ;	Train Loss: 1.03522517 ;	Train Accuracy: 62.962 ;	Test Loss: 1.03784768 ; 	Test Accuracy: 63.000 ;
Epoch: 39 ;	Train Loss: 1.02630772 ;	Train Accuracy: 63.160 ;	Test Loss: 1.03415013 ; 	Test Accuracy: 63.340 ;
Epoch: 40 ;	Train Loss: 1.01929736 ;	Train Accuracy: 63.396 ;	Test Loss: 1.03236935 ; 	Test Accuracy: 63.190 ;
Epoch: 41 ;	Train Loss: 1.00642556 ;	Train Accuracy: 63.744 ;	Test Loss: 1.02332885 ; 	Test Accuracy: 63.640 ;
Epoch: 42 ;	Train Loss: 1.00422341 ;	Train Accuracy: 63.910 ;	Test Loss: 1.01096370 ; 	Test Accuracy: 64.210 ;
Epoch: 43 ;	Train Loss: 0.99628300 ;	Train Accuracy: 64.230 ;	Test Loss: 0.99803950 ; 	Test Accuracy: 64.330 ;
Epoch: 44 ;	Train Loss: 0.98549635 ;	Train Accuracy: 64.666 ;	Test Loss: 1.00000582 ; 	Test Accuracy: 64.550 ;
Epoch: 45 ;	Train Loss: 0.97614274 ;	Train Accuracy: 64.886 ;	Test Loss: 0.99397195 ; 	Test Accuracy: 64.490 ;
Epoch: 46 ;	Train Loss: 0.96645545 ;	Train Accuracy: 65.448 ;	Test Loss: 0.98502029 ; 	Test Accuracy: 65.010 ;
Epoch: 47 ;	Train Loss: 0.96072546 ;	Train Accuracy: 65.428 ;	Test Loss: 0.97634834 ; 	Test Accuracy: 65.320 ;
Epoch: 48 ;	Train Loss: 0.94946294 ;	Train Accuracy: 66.070 ;	Test Loss: 0.97228281 ; 	Test Accuracy: 65.590 ;
Epoch: 49 ;	Train Loss: 0.94596920 ;	Train Accuracy: 66.104 ;	Test Loss: 0.96661688 ; 	Test Accuracy: 65.580 ;
Epoch: 50 ;	Train Loss: 0.93641405 ;	Train Accuracy: 66.434 ;	Test Loss: 0.96740235 ; 	Test Accuracy: 65.420 ;


Best Accuracy: 65.590

Saving Error Plot...

Error Plot saved (ResNet24_1_8_error_plot.png)

